<?xml version="1.0" encoding="UTF-8"?>
<testng-results skipped="0" failed="0" total="2" passed="2">
  <reporter-output>
  </reporter-output>
  <suite name="Suite" duration-ms="29086" started-at="2016-07-09T14:28:13Z" finished-at="2016-07-09T14:28:42Z">
    <groups>
    </groups>
    <test name="Test" duration-ms="29086" started-at="2016-07-09T14:28:13Z" finished-at="2016-07-09T14:28:42Z">
      <class name="sspk.Spk">
        <test-method status="PASS" signature="method1()[pri:0, instance:sspk.Spk@1a57a3b]" name="method1" duration-ms="14491" started-at="2016-07-09T19:58:13Z" finished-at="2016-07-09T19:58:28Z">
          <reporter-output>
          </reporter-output>
        </test-method> <!-- method1 -->
        <test-method status="PASS" signature="method2()[pri:0, instance:sspk.Spk@1a57a3b]" name="method2" duration-ms="14576" started-at="2016-07-09T19:58:28Z" finished-at="2016-07-09T19:58:42Z">
          <reporter-output>
          </reporter-output>
        </test-method> <!-- method2 -->
      </class> <!-- sspk.Spk -->
    </test> <!-- Test -->
  </suite> <!-- Suite -->
</testng-results>
